0 info it worked if it ends with ok
1 verbose cli [ 'C:\\Program Files\\nodejs\\node.exe',
1 verbose cli   'C:\\Program Files\\nodejs\\node_modules\\npm\\bin\\npm-cli.js',
1 verbose cli   'i',
1 verbose cli   'jasmine-html',
1 verbose cli   '--save-dev' ]
2 info using npm@2.14.12
3 info using node@v4.2.6
4 verbose install initial load of C:\inetpub\wwwroot\urlspecific\khaos-backbone\template\package.json
5 warn package.json khaos@0.1.0 No repository field.
6 warn package.json khaos@0.1.0 license should be a valid SPDX license expression
7 verbose installManyTop reading scoped package data from C:\inetpub\wwwroot\urlspecific\khaos-backbone\template\node_modules\chai\package.json
8 verbose installManyTop reading scoped package data from C:\inetpub\wwwroot\urlspecific\khaos-backbone\template\node_modules\chai-jquery\package.json
9 verbose installManyTop reading scoped package data from C:\inetpub\wwwroot\urlspecific\khaos-backbone\template\node_modules\jasmine\package.json
10 verbose installManyTop reading scoped package data from C:\inetpub\wwwroot\urlspecific\khaos-backbone\template\node_modules\mocha\package.json
11 info package.json chai-jquery@2.0.0 No license field.
12 verbose readDependencies loading dependencies from C:\inetpub\wwwroot\urlspecific\khaos-backbone\template\package.json
13 silly cache add args [ 'jasmine-html', null ]
14 verbose cache add spec jasmine-html
15 silly cache add parsed spec Result {
15 silly cache add   raw: 'jasmine-html',
15 silly cache add   scope: null,
15 silly cache add   name: 'jasmine-html',
15 silly cache add   rawSpec: '',
15 silly cache add   spec: 'latest',
15 silly cache add   type: 'tag' }
16 silly addNamed jasmine-html@latest
17 verbose addNamed "latest" is being treated as a dist-tag for jasmine-html
18 info addNameTag [ 'jasmine-html', 'latest' ]
19 silly mapToRegistry name jasmine-html
20 silly mapToRegistry using default registry
21 silly mapToRegistry registry https://registry.npmjs.org/
22 silly mapToRegistry uri https://registry.npmjs.org/jasmine-html
23 verbose addNameTag registry:https://registry.npmjs.org/jasmine-html not in flight; fetching
24 verbose request uri https://registry.npmjs.org/jasmine-html
25 verbose request no auth needed
26 info attempt registry request try #1 at 11:52:18
27 verbose request id 9edaac783c60f982
28 http request GET https://registry.npmjs.org/jasmine-html
29 http 404 https://registry.npmjs.org/jasmine-html
30 verbose headers { 'content-type': 'application/json',
30 verbose headers   'cache-control': 'max-age=0',
30 verbose headers   'content-length': '2',
30 verbose headers   'accept-ranges': 'bytes',
30 verbose headers   date: 'Tue, 09 Feb 2016 10:52:19 GMT',
30 verbose headers   via: '1.1 varnish',
30 verbose headers   age: '0',
30 verbose headers   connection: 'close',
30 verbose headers   'x-served-by': 'cache-fra1249-FRA',
30 verbose headers   'x-cache': 'MISS',
30 verbose headers   'x-cache-hits': '0',
30 verbose headers   'x-timer': 'S1455015138.841368,VS0,VE728' }
31 silly get cb [ 404,
31 silly get   { 'content-type': 'application/json',
31 silly get     'cache-control': 'max-age=0',
31 silly get     'content-length': '2',
31 silly get     'accept-ranges': 'bytes',
31 silly get     date: 'Tue, 09 Feb 2016 10:52:19 GMT',
31 silly get     via: '1.1 varnish',
31 silly get     age: '0',
31 silly get     connection: 'close',
31 silly get     'x-served-by': 'cache-fra1249-FRA',
31 silly get     'x-cache': 'MISS',
31 silly get     'x-cache-hits': '0',
31 silly get     'x-timer': 'S1455015138.841368,VS0,VE728' } ]
32 verbose stack Error: Registry returned 404 for GET on https://registry.npmjs.org/jasmine-html
32 verbose stack     at makeError (C:\Program Files\nodejs\node_modules\npm\node_modules\npm-registry-client\lib\request.js:264:12)
32 verbose stack     at CachingRegistryClient.<anonymous> (C:\Program Files\nodejs\node_modules\npm\node_modules\npm-registry-client\lib\request.js:242:14)
32 verbose stack     at Request._callback (C:\Program Files\nodejs\node_modules\npm\node_modules\npm-registry-client\lib\request.js:172:14)
32 verbose stack     at Request.self.callback (C:\Program Files\nodejs\node_modules\npm\node_modules\request\request.js:198:22)
32 verbose stack     at emitTwo (events.js:87:13)
32 verbose stack     at Request.emit (events.js:172:7)
32 verbose stack     at Request.<anonymous> (C:\Program Files\nodejs\node_modules\npm\node_modules\request\request.js:1082:10)
32 verbose stack     at emitOne (events.js:82:20)
32 verbose stack     at Request.emit (events.js:169:7)
32 verbose stack     at IncomingMessage.<anonymous> (C:\Program Files\nodejs\node_modules\npm\node_modules\request\request.js:1009:12)
33 verbose statusCode 404
34 verbose pkgid jasmine-html
35 verbose cwd C:\inetpub\wwwroot\urlspecific\khaos-backbone\template
36 error Windows_NT 6.1.7601
37 error argv "C:\\Program Files\\nodejs\\node.exe" "C:\\Program Files\\nodejs\\node_modules\\npm\\bin\\npm-cli.js" "i" "jasmine-html" "--save-dev"
38 error node v4.2.6
39 error npm  v2.14.12
40 error code E404
41 error 404 Registry returned 404 for GET on https://registry.npmjs.org/jasmine-html
41 error 404
41 error 404 'jasmine-html' is not in the npm registry.
41 error 404 You should bug the author to publish it (or use the name yourself!)
41 error 404 It was specified as a dependency of 'khaos'
41 error 404
41 error 404 Note that you can also install from a
41 error 404 tarball, folder, http url, or git url.
42 verbose exit [ 1, true ]
